Seznam slov:
This                 2
is                   3
a                    4
short                1
summary              1
of                   1
Romeo                2
and                  6
Juliet               2
by                   1
William              1
Shakespeare          1
The                  2
play                 2
which                1
set                  1
in                   3
Verona               1
story                1
about                1
long                 1
feud                 2
between              1
the                  4
Montague             1
Capulet              1
families             1
causes               1
tragic               1
results              1
for                  1
main                 1
characters           1
events               1
contrast             1
hatred               1
revenge              1
with                 1
love                 1
secret               1
marriage             1
forcing              1
young                1
star                 1
crossed              1
lovers               1
to                   1
grow                 1
up                   1
quickly              1
die                  1
tragically           1
despair              1
Pocet slov:          53
Nejcastejsi:         and
Nejmene caste:       short summary of by William Shakespeare which set Verona story about long between Montague Capulet families causes tragic results for main characters events contrast hatred revenge with love secret marriage forcing young star crossed lovers to grow up quickly die tragically despair
