Seznam slov:
Capulet              1
Juliet               2
Montague             1
Romeo                2
Shakespeare          1
The                  2
This                 2
Verona               1
William              1
a                    4
about                1
and                  6
between              1
by                   1
causes               1
characters           1
contrast             1
crossed              1
despair              1
die                  1
events               1
families             1
feud                 2
for                  1
forcing              1
grow                 1
hatred               1
in                   3
is                   3
long                 1
love                 1
lovers               1
main                 1
marriage             1
of                   1
play                 2
quickly              1
results              1
revenge              1
secret               1
set                  1
short                1
star                 1
story                1
summary              1
the                  4
to                   1
tragic               1
tragically           1
up                   1
which                1
with                 1
young                1
Pocet slov:          53
Nejcastejsi:         and
Nejmene caste:       Capulet Montague Shakespeare Verona William about between by causes characters contrast crossed despair die events families for forcing grow hatred long love lovers main marriage of quickly results revenge secret set short star story summary to tragic tragically up which with young
